Unity Editor version:    2021.3.16f1 (4016570cf34f)
Branch:                  2021.3/staging
Build type:              Release
Batch mode:              YES
macOS version:           Version 13.0 (Build 22A380)
Darwin version:          22.1.0
Architecture:            arm64
Running under Rosetta:   NO
Available memory:        8192 MB
Using pre-set license
Pro License: YES

COMMAND LINE ARGUMENTS:
/Applications/Unity/Hub/Editor/2021.3.16f1/Unity.app/Contents/MacOS/Unity
-adb2
-batchMode
-noUpm
-name
AssetImportWorker0
-projectPath
/Users/edoardocolella/Desktop/LiveArt/LiveArt/Unity/LiveArt_Unity
-logFile
Logs/AssetImportWorker0.log
-srvPort
53870
Successfully changed project path to: /Users/edoardocolella/Desktop/LiveArt/LiveArt/Unity/LiveArt_Unity
/Users/edoardocolella/Desktop/LiveArt/LiveArt/Unity/LiveArt_Unity
[UnityMemory] Configuration Parameters - Can be set up in boot.config
    "memorysetup-bucket-allocator-granularity=16"
    "memorysetup-bucket-allocator-bucket-count=8"
    "memorysetup-bucket-allocator-block-size=33554432"
    "memorysetup-bucket-allocator-block-count=8"
    "memorysetup-main-allocator-block-size=16777216"
    "memorysetup-thread-allocator-block-size=16777216"
    "memorysetup-gfx-main-allocator-block-size=16777216"
    "memorysetup-gfx-thread-allocator-block-size=16777216"
    "memorysetup-cache-allocator-block-size=4194304"
    "memorysetup-typetree-allocator-block-size=2097152"
    "memorysetup-profiler-bucket-allocator-granularity=16"
    "memorysetup-profiler-bucket-allocator-bucket-count=8"
    "memorysetup-profiler-bucket-allocator-block-size=33554432"
    "memorysetup-profiler-bucket-allocator-block-count=8"
    "memorysetup-profiler-allocator-block-size=16777216"
    "memorysetup-profiler-editor-allocator-block-size=1048576"
    "memorysetup-temp-allocator-size-main=16777216"
    "memorysetup-job-temp-allocator-block-size=2097152"
    "memorysetup-job-temp-allocator-block-size-background=1048576"
    "memorysetup-job-temp-allocator-reduction-small-platforms=262144"
    "memorysetup-temp-allocator-size-background-worker=32768"
    "memorysetup-temp-allocator-size-job-worker=262144"
    "memorysetup-temp-allocator-size-preload-manager=33554432"
    "memorysetup-temp-allocator-size-nav-mesh-worker=65536"
    "memorysetup-temp-allocator-size-audio-worker=65536"
    "memorysetup-temp-allocator-size-cloud-worker=32768"
    "memorysetup-temp-allocator-size-gi-baking-worker=262144"
    "memorysetup-temp-allocator-size-gfx=262144"
Player connection [8827806976] Host "[IP] 192.168.149.144 [Port] 0 [Flags] 2 [Guid] 1009698017 [EditorId] 1009698017 [Version] 1048832 [Id] OSXEditor(0,MacBook-Air-di-Edoardo.local) [Debug] 1 [PackageName] OSXEditor [ProjectName] Editor" joined multi-casting on [225.0.0.222:54997]...

Player connection [8827806976] Host "[IP] 192.168.149.144 [Port] 0 [Flags] 2 [Guid] 1009698017 [EditorId] 1009698017 [Version] 1048832 [Id] OSXEditor(0,MacBook-Air-di-Edoardo.local) [Debug] 1 [PackageName] OSXEditor [ProjectName] Editor" joined alternative multi-casting on [225.0.0.222:34997]...

Refreshing native plugins compatible for Editor in 158.38 ms, found 3 plugins.
Preloading 1 native plugins for Editor in 8.98 ms.
Initialize engine version: 2021.3.16f1 (4016570cf34f)
[Subsystems] Discovering subsystems at path /Applications/Unity/Hub/Editor/2021.3.16f1/Unity.app/Contents/Resources/UnitySubsystems
[Subsystems] Discovering subsystems at path /Users/edoardocolella/Desktop/LiveArt/LiveArt/Unity/LiveArt_Unity/Assets
GfxDevice: creating device client; threaded=0; jobified=0
 preferred device: Apple M1 (high power)
Metal devices available: 1
0: Apple M1 (high power)
Using device Apple M1 (high power)
Initializing Metal device caps: Apple M1
Initialize mono
Mono path[0] = '/Applications/Unity/Hub/Editor/2021.3.16f1/Unity.app/Contents/Managed'
Mono path[1] = '/Applications/Unity/Hub/Editor/2021.3.16f1/Unity.app/Contents/MonoBleedingEdge/lib/mono/unityjit-macos'
Mono config path = '/Applications/Unity/Hub/Editor/2021.3.16f1/Unity.app/Contents/MonoBleedingEdge/etc'
Using monoOptions --debugger-agent=transport=dt_socket,embedding=1,server=y,suspend=n,address=127.0.0.1:56946
Begin MonoManager ReloadAssembly
Registering precompiled unity dll's ...
Register platform support module: /Applications/Unity/Hub/Editor/2021.3.16f1/PlaybackEngines/WebGLSupport/UnityEditor.WebGL.Extensions.dll
Register platform support module: /Applications/Unity/Hub/Editor/2021.3.16f1/Unity.app/Contents/PlaybackEngines/MacStandaloneSupport/UnityEditor.OSXStandalone.Extensions.dll
Registered in 0.001897 seconds.
Native extension for OSXStandalone target not found
Native extension for WebGL target not found
Refreshing native plugins compatible for Editor in 124.22 ms, found 3 plugins.
Preloading 1 native plugins for Editor in 0.33 ms.
Mono: successfully reloaded assembly
- Completed reload, in  0.647 seconds
Domain Reload Profiling:
	ReloadAssembly (648ms)
		BeginReloadAssembly (75ms)
			ExecutionOrderSort (0ms)
			DisableScriptedObjects (0ms)
			BackupInstance (0ms)
			ReleaseScriptingObjects (0ms)
			CreateAndSetChildDomain (1ms)
		EndReloadAssembly (472ms)
			LoadAssemblies (75ms)
			RebuildTransferFunctionScriptingTraits (0ms)
			SetupTypeCache (110ms)
			ReleaseScriptCaches (0ms)
			RebuildScriptCaches (27ms)
			SetupLoadedEditorAssemblies (294ms)
				LogAssemblyErrors (0ms)
				InitializePlatformSupportModulesInManaged (6ms)
				SetLoadedEditorAssemblies (0ms)
				RefreshPlugins (125ms)
				BeforeProcessingInitializeOnLoad (1ms)
				ProcessInitializeOnLoadAttributes (126ms)
				ProcessInitializeOnLoadMethodAttributes (36ms)
				AfterProcessingInitializeOnLoad (0ms)
				EditorAssembliesLoaded (0ms)
			ExecutionOrderSort2 (0ms)
			AwakeInstancesAfterBackupRestoration (0ms)
Platform modules already initialized, skipping
Registering precompiled user dll's ...
Registered in 0.009482 seconds.
Begin MonoManager ReloadAssembly
Symbol file LoadedFromMemory doesn't match image /Users/edoardocolella/Desktop/LiveArt/LiveArt/Unity/LiveArt_Unity/Library/PackageCache/com.unity.visualscripting@1.7.8/Editor/VisualScripting.Core/Dependencies/DotNetZip/Unity.VisualScripting.IonicZip.dll
Symbol file LoadedFromMemory doesn't match image /Users/edoardocolella/Desktop/LiveArt/LiveArt/Unity/LiveArt_Unity/Library/PackageCache/com.unity.visualscripting@1.7.8/Editor/VisualScripting.Core/Dependencies/YamlDotNet/Unity.VisualScripting.YamlDotNet.dll
Native extension for OSXStandalone target not found
Native extension for WebGL target not found
Refreshing native plugins compatible for Editor in 125.45 ms, found 3 plugins.
Preloading 1 native plugins for Editor in 0.39 ms.
Package Manager log level set to [2]
Mono: successfully reloaded assembly
- Completed reload, in  1.237 seconds
Domain Reload Profiling:
	ReloadAssembly (1238ms)
		BeginReloadAssembly (94ms)
			ExecutionOrderSort (0ms)
			DisableScriptedObjects (5ms)
			BackupInstance (0ms)
			ReleaseScriptingObjects (0ms)
			CreateAndSetChildDomain (27ms)
		EndReloadAssembly (1021ms)
			LoadAssemblies (84ms)
			RebuildTransferFunctionScriptingTraits (0ms)
			SetupTypeCache (329ms)
			ReleaseScriptCaches (1ms)
			RebuildScriptCaches (53ms)
			SetupLoadedEditorAssemblies (511ms)
				LogAssemblyErrors (0ms)
				InitializePlatformSupportModulesInManaged (3ms)
				SetLoadedEditorAssemblies (0ms)
				RefreshPlugins (126ms)
				BeforeProcessingInitializeOnLoad (98ms)
				ProcessInitializeOnLoadAttributes (262ms)
				ProcessInitializeOnLoadMethodAttributes (21ms)
				AfterProcessingInitializeOnLoad (2ms)
				EditorAssembliesLoaded (0ms)
			ExecutionOrderSort2 (0ms)
			AwakeInstancesAfterBackupRestoration (3ms)
Platform modules already initialized, skipping
========================================================================
Worker process is ready to serve import requests
Launching external process: /Applications/Unity/Hub/Editor/2021.3.16f1/Unity.app/Contents/Tools/UnityShaderCompiler
Launched and connected shader compiler UnityShaderCompiler after 0.22 seconds
Refreshing native plugins compatible for Editor in 0.72 ms, found 3 plugins.
Preloading 1 native plugins for Editor in 0.29 ms.
Unloading 4074 Unused Serialized files (Serialized files now loaded: 0)
Unloading 54 unused Assets / (85.8 KB). Loaded Objects now: 4510.
Memory consumption went from 136.1 MB to 136.0 MB.
Total: 3.847000 ms (FindLiveObjects: 0.161292 ms CreateObjectMapping: 0.075750 ms MarkObjects: 3.311666 ms  DeleteObjects: 0.297625 ms)

AssetImportParameters requested are different than current active one (requested -> active):
  custom:video-decoder-ogg-theora: a1e56fd34408186e4bbccfd4996cb3dc -> 
  custom:container-muxer-webm: aa71ff27fc2769a1b78a27578f13a17b -> 
  custom:container-demuxer-webm: 4f35f7cbe854078d1ac9338744f61a02 -> 
  custom:video-encoder-webm-vp8: eb34c28f22e8b96e1ab97ce403110664 -> 
  custom:framework-osx-AVFoundation: e770b220cccbd017edd2c1fefb359320 -> 
  custom:audio-encoder-webm-vorbis: bf7c407c2cedff20999df2af8eb42d56 -> 
  custom:container-demuxer-ogg: 62fdf1f143b41e24485cea50d1cbac27 -> 
  custom:video-decoder-webm-vp8: 9c59270c3fd7afecdb556c50c9e8de78 -> 
  custom:audio-decoder-ogg-vorbis: bf7c407c2cedff20999df2af8eb42d56 -> 
========================================================================
Received Import Request.
  Time since last request: 10366.431594 seconds.
  path: Assets/XR/XRGeneralSettings.asset
  artifactKey: Guid(1a4c68ca72a83449f938d669337cb305) Importer(815301076,1909f56bfc062723c751e8b465ee728b)
Start importing Assets/XR/XRGeneralSettings.asset using Guid(1a4c68ca72a83449f938d669337cb305) Importer(815301076,1909f56bfc062723c751e8b465ee728b)  -> (artifact id: '96632b8b47ed2aa4910e15c74391877a') in 0.091375 seconds 
========================================================================
Received Import Request.
  Time since last request: 100.950748 seconds.
  path: Assets/ExampleAssets/Materials
  artifactKey: Guid(7e2c000a47cf74a35ba28043f5839c1e) Importer(815301076,1909f56bfc062723c751e8b465ee728b)
Start importing Assets/ExampleAssets/Materials using Guid(7e2c000a47cf74a35ba28043f5839c1e) Importer(815301076,1909f56bfc062723c751e8b465ee728b)  -> (artifact id: 'f4a69abcc307f7b56fffddadefc993d4') in 0.002082 seconds 
========================================================================
Received Import Request.
  Time since last request: 0.024070 seconds.
  path: Assets/ExampleAssets/Materials/Controller.mat
  artifactKey: Guid(3d2e36aacd7dc084b96e0755f1af4137) Importer(815301076,1909f56bfc062723c751e8b465ee728b)
Start importing Assets/ExampleAssets/Materials/Controller.mat using Guid(3d2e36aacd7dc084b96e0755f1af4137) Importer(815301076,1909f56bfc062723c751e8b465ee728b)  -> (artifact id: 'e50fe36e870540dc9d5417509b3eecf3') in 0.487972 seconds 
========================================================================
Received Import Request.
  Time since last request: 7.040506 seconds.
  path: Assets/Sounds/TestAudio.wav
  artifactKey: Guid(e055875afbf339142922e2eb6d0a286a) Importer(815301076,1909f56bfc062723c751e8b465ee728b)
Start importing Assets/Sounds/TestAudio.wav using Guid(e055875afbf339142922e2eb6d0a286a) Importer(815301076,1909f56bfc062723c751e8b465ee728b)  -> (artifact id: '1850da505e4dc4a904dda35d8140db9c') in 0.836630 seconds 
========================================================================
Received Import Request.
  Time since last request: 1.036628 seconds.
  path: Assets/Models/InvertedNormalsSphere.fbx
  artifactKey: Guid(0c42f3bd08b5dda48922d3b174e576ae) Importer(815301076,1909f56bfc062723c751e8b465ee728b)
Start importing Assets/Models/InvertedNormalsSphere.fbx using Guid(0c42f3bd08b5dda48922d3b174e576ae) Importer(815301076,1909f56bfc062723c751e8b465ee728b)  -> (artifact id: '8630c8e7bc6ae0dc3ca5da6446b4e35a') in 0.108482 seconds 
========================================================================
Received Import Request.
  Time since last request: 44.884917 seconds.
  path: Assets/Sprites/BtnSprite.psd
  artifactKey: Guid(c400ad9947f57c646bb787b42af3d080) Importer(815301076,1909f56bfc062723c751e8b465ee728b)
Start importing Assets/Sprites/BtnSprite.psd using Guid(c400ad9947f57c646bb787b42af3d080) Importer(815301076,1909f56bfc062723c751e8b465ee728b)  -> (artifact id: 'fa3350abf037cdf0555f21e2a54312fb') in 0.803285 seconds 
========================================================================
Received Import Request.
  Time since last request: 0.000089 seconds.
  path: Assets/Sprites/IconMovie.psd
  artifactKey: Guid(c4baf0e8591cd394c8bb0171dc2187cf) Importer(815301076,1909f56bfc062723c751e8b465ee728b)
Start importing Assets/Sprites/IconMovie.psd using Guid(c4baf0e8591cd394c8bb0171dc2187cf) Importer(815301076,1909f56bfc062723c751e8b465ee728b)  -> (artifact id: 'fcc3bceabe4272e30c1c4cff3e2d1883') in 0.012666 seconds 
========================================================================
Received Import Request.
  Time since last request: 206.549273 seconds.
  path: Assets/Sprites
  artifactKey: Guid(671068cf5078f47b4b7b3cac307a725d) Importer(815301076,1909f56bfc062723c751e8b465ee728b)
Start importing Assets/Sprites using Guid(671068cf5078f47b4b7b3cac307a725d) Importer(815301076,1909f56bfc062723c751e8b465ee728b)  -> (artifact id: '3d7535d6891640e345bfadeeb3370b6a') in 0.004728 seconds 
========================================================================
Received Import Request.
  Time since last request: 55.732596 seconds.
  path: Assets/Materials
  artifactKey: Guid(323ee25c87dcf43e1a2925515d90f5f9) Importer(815301076,1909f56bfc062723c751e8b465ee728b)
Start importing Assets/Materials using Guid(323ee25c87dcf43e1a2925515d90f5f9) Importer(815301076,1909f56bfc062723c751e8b465ee728b)  -> (artifact id: 'e0eef6e8e6a4a2e00e72d6f4922b2154') in 0.002331 seconds 
========================================================================
Received Import Request.
  Time since last request: 22.222120 seconds.
  path: Assets/Materials/Prova.mat
  artifactKey: Guid(c5a224361819d45eb812c3930a617958) Importer(815301076,1909f56bfc062723c751e8b465ee728b)
Start importing Assets/Materials/Prova.mat using Guid(c5a224361819d45eb812c3930a617958) Importer(815301076,1909f56bfc062723c751e8b465ee728b)  -> (artifact id: '3e8d3ee2b8dc151ba8e93ecb2978de11') in 0.016219 seconds 
========================================================================
Received Prepare
Registering precompiled user dll's ...
Registered in 0.005919 seconds.
Begin MonoManager ReloadAssembly
Thread 0x28cec7000 may have been prematurely finalized
Symbol file LoadedFromMemory doesn't match image /Users/edoardocolella/Desktop/LiveArt/LiveArt/Unity/LiveArt_Unity/Library/PackageCache/com.unity.visualscripting@1.7.8/Editor/VisualScripting.Core/Dependencies/DotNetZip/Unity.VisualScripting.IonicZip.dll
Symbol file LoadedFromMemory doesn't match image /Users/edoardocolella/Desktop/LiveArt/LiveArt/Unity/LiveArt_Unity/Library/PackageCache/com.unity.visualscripting@1.7.8/Editor/VisualScripting.Core/Dependencies/YamlDotNet/Unity.VisualScripting.YamlDotNet.dll
Native extension for OSXStandalone target not found
Native extension for WebGL target not found
Refreshing native plugins compatible for Editor in 1.97 ms, found 3 plugins.
Preloading 1 native plugins for Editor in 0.78 ms.
Mono: successfully reloaded assembly
- Completed reload, in  2.107 seconds
Domain Reload Profiling:
	ReloadAssembly (2108ms)
		BeginReloadAssembly (197ms)
			ExecutionOrderSort (0ms)
			DisableScriptedObjects (4ms)
			BackupInstance (0ms)
			ReleaseScriptingObjects (0ms)
			CreateAndSetChildDomain (97ms)
		EndReloadAssembly (1725ms)
			LoadAssemblies (92ms)
			RebuildTransferFunctionScriptingTraits (0ms)
			SetupTypeCache (660ms)
			ReleaseScriptCaches (3ms)
			RebuildScriptCaches (91ms)
			SetupLoadedEditorAssemblies (752ms)
				LogAssemblyErrors (0ms)
				InitializePlatformSupportModulesInManaged (18ms)
				SetLoadedEditorAssemblies (1ms)
				RefreshPlugins (3ms)
				BeforeProcessingInitializeOnLoad (147ms)
				ProcessInitializeOnLoadAttributes (530ms)
				ProcessInitializeOnLoadMethodAttributes (49ms)
				AfterProcessingInitializeOnLoad (5ms)
				EditorAssembliesLoaded (0ms)
			ExecutionOrderSort2 (0ms)
			AwakeInstancesAfterBackupRestoration (7ms)
Platform modules already initialized, skipping
Refreshing native plugins compatible for Editor in 8.31 ms, found 3 plugins.
Preloading 1 native plugins for Editor in 0.56 ms.
Unloading 4052 Unused Serialized files (Serialized files now loaded: 0)
Unloading 44 unused Assets / (65.5 KB). Loaded Objects now: 4567.
Memory consumption went from 158.9 MB to 158.9 MB.
Total: 8.664666 ms (FindLiveObjects: 0.352292 ms CreateObjectMapping: 0.249125 ms MarkObjects: 7.913167 ms  DeleteObjects: 0.148458 ms)

AssetImportParameters requested are different than current active one (requested -> active):
  custom:video-decoder-ogg-theora: a1e56fd34408186e4bbccfd4996cb3dc -> 
  custom:container-muxer-webm: aa71ff27fc2769a1b78a27578f13a17b -> 
  custom:container-demuxer-webm: 4f35f7cbe854078d1ac9338744f61a02 -> 
  custom:video-encoder-webm-vp8: eb34c28f22e8b96e1ab97ce403110664 -> 
  custom:framework-osx-AVFoundation: e770b220cccbd017edd2c1fefb359320 -> 
  custom:audio-encoder-webm-vorbis: bf7c407c2cedff20999df2af8eb42d56 -> 
  custom:container-demuxer-ogg: 62fdf1f143b41e24485cea50d1cbac27 -> 
  custom:video-decoder-webm-vp8: 9c59270c3fd7afecdb556c50c9e8de78 -> 
  custom:audio-decoder-ogg-vorbis: bf7c407c2cedff20999df2af8eb42d56 -> 
